  server.cpp
C:\Users\Jai\source\repos\ChatServer\ChatServerApp\ChatServerApp\server.cpp(5,1): warning C4005: 'INET6_ADDRSTRLEN': macro redefinition
  C:\Program Files (x86)\Windows Kits\10\Include\10.0.22621.0\shared\ws2ipdef.h(949,1):
  see previous definition of 'INET6_ADDRSTRLEN'
  
C:\Users\Jai\source\repos\ChatServer\ChatServerApp\ChatServerApp\server.cpp(144,95): warning C4267: 'argument': conversion from 'size_t' to 'int32_t', possible loss of data
C:\Users\Jai\source\repos\ChatServer\ChatServerApp\ChatServerApp\server.cpp(158,89): warning C4267: 'argument': conversion from 'size_t' to 'int32_t', possible loss of data
C:\Users\Jai\source\repos\ChatServer\ChatServerApp\ChatServerApp\server.cpp(204,89): warning C4267: 'argument': conversion from 'size_t' to 'int32_t', possible loss of data
C:\Users\Jai\source\repos\ChatServer\ChatServerApp\ChatServerApp\server.cpp(229,82): warning C4267: 'argument': conversion from 'size_t' to 'int32_t', possible loss of data
C:\Users\Jai\source\repos\ChatServer\ChatServerApp\ChatServerApp\server.cpp(248,88): warning C4267: 'argument': conversion from 'size_t' to 'int32_t', possible loss of data
C:\Users\Jai\source\repos\ChatServer\ChatServerApp\ChatServerApp\server.cpp(253,88): warning C4267: 'argument': conversion from 'size_t' to 'int32_t', possible loss of data
C:\Users\Jai\source\repos\ChatServer\ChatServerApp\ChatServerApp\server.cpp(259,87): warning C4267: 'argument': conversion from 'size_t' to 'int32_t', possible loss of data
C:\Users\Jai\source\repos\ChatServer\ChatServerApp\ChatServerApp\server.cpp(278,87): warning C4267: 'argument': conversion from 'size_t' to 'int32_t', possible loss of data
C:\Users\Jai\source\repos\ChatServer\ChatServerApp\ChatServerApp\server.cpp(293,82): warning C4267: 'argument': conversion from 'size_t' to 'int32_t', possible loss of data
C:\Users\Jai\source\repos\ChatServer\ChatServerApp\ChatServerApp\server.cpp(306,86): warning C4267: 'argument': conversion from 'size_t' to 'int32_t', possible loss of data
C:\Users\Jai\source\repos\ChatServer\ChatServerApp\ChatServerApp\server.cpp(315,87): warning C4267: 'argument': conversion from 'size_t' to 'int32_t', possible loss of data
C:\Users\Jai\source\repos\ChatServer\ChatServerApp\ChatServerApp\server.cpp(327,85): warning C4267: 'argument': conversion from 'size_t' to 'int32_t', possible loss of data
C:\Users\Jai\source\repos\ChatServer\ChatServerApp\ChatServerApp\server.cpp(332,85): warning C4267: 'argument': conversion from 'size_t' to 'int32_t', possible loss of data
C:\Users\Jai\source\repos\ChatServer\ChatServerApp\ChatServerApp\server.cpp(344,85): warning C4267: 'argument': conversion from 'size_t' to 'int32_t', possible loss of data
C:\Users\Jai\source\repos\ChatServer\ChatServerApp\ChatServerApp\server.cpp(356,85): warning C4267: 'argument': conversion from 'size_t' to 'int32_t', possible loss of data
C:\Users\Jai\source\repos\ChatServer\ChatServerApp\ChatServerApp\server.cpp(377,87): warning C4267: 'argument': conversion from 'size_t' to 'int32_t', possible loss of data
C:\Users\Jai\source\repos\ChatServer\ChatServerApp\ChatServerApp\server.cpp(386,86): warning C4267: 'argument': conversion from 'size_t' to 'int32_t', possible loss of data
C:\Users\Jai\source\repos\ChatServer\ChatServerApp\ChatServerApp\server.cpp(391,85): warning C4267: 'argument': conversion from 'size_t' to 'int32_t', possible loss of data
C:\Users\Jai\source\repos\ChatServer\ChatServerApp\ChatServerApp\server.cpp(401,83): warning C4267: 'argument': conversion from 'size_t' to 'int32_t', possible loss of data
  ChatServerApp.vcxproj -> C:\Users\Jai\source\repos\ChatServer\ChatServerApp\x64\Debug\ChatServerApp.cpp.exe
